android/app/build/intermediates/manifest_merge_blame_file/debug/manifest-merger-blame-debug-report.txt
1<?xml version="1.0" encoding="utf-8"?>
2<manifest xmlns:android="http://schemas.android.com/apk/res/android"
3    package="com.sampledemo"
4    android:versionCode="1"
5    android:versionName="1.0" >
6
7    <uses-sdk
8        android:minSdkVersion="16"
9        android:targetSdkVersion="29" />
10
11    <uses-permission android:name="android.permission.SYSTEM_ALERT_WINDOW" />
11-->src/debug/AndroidManifest.xml:5:5-77
11-->src/debug/AndroidManifest.xml:5:22-75
12    <uses-permission android:name="android.permission.INTERNET" />
12-->src/main/AndroidManifest.xml:4:5-67
12-->src/main/AndroidManifest.xml:4:22-64
13    <uses-permission android:name="android.permission.ACCESS_COARSE_LOCATION" />
13-->src/main/AndroidManifest.xml:6:5-80
13-->src/main/AndroidManifest.xml:6:22-78
14    <uses-permission android:name="android.permission.ACCESS_FINE_LOCATION" />
14-->src/main/AndroidManifest.xml:7:5-78
14-->src/main/AndroidManifest.xml:7:22-76
15    <uses-permission android:name="android.permission.ACCESS_WIFI_STATE" /> <!-- Include required permissions for Google Maps API to run. -->
15-->[com.facebook.flipper:flipper:0.54.0] AndroidManifest.xml:16:5-76
15-->[com.facebook.flipper:flipper:0.54.0] AndroidManifest.xml:16:22-73
16    <uses-permission android:name="android.permission.ACCESS_NETWORK_STATE" />
16-->[com.google.android.gms:play-services-maps:17.0.0] AndroidManifest.xml:23:5-79
16-->[com.google.android.gms:play-services-maps:17.0.0] AndroidManifest.xml:23:22-76
17
18    <uses-feature
18-->[com.google.android.gms:play-services-maps:17.0.0] AndroidManifest.xml:26:5-28:35
19        android:glEsVersion="0x00020000"
19-->[com.google.android.gms:play-services-maps:17.0.0] AndroidManifest.xml:27:9-41
20        android:required="true" />
20-->[com.google.android.gms:play-services-maps:17.0.0] AndroidManifest.xml:28:9-32
21
22    <application
22-->src/main/AndroidManifest.xml:8:5-33:19
23        android:name="com.sampledemo.MainApplication"
23-->src/main/AndroidManifest.xml:9:7-38
24        android:allowBackup="false"
24-->src/main/AndroidManifest.xml:13:7-34
25        android:appComponentFactory="androidx.core.app.CoreComponentFactory"
25-->[androidx.core:core:1.1.0] AndroidManifest.xml:24:18-86
26        android:debuggable="true"
27        android:icon="@mipmap/ic_launcher"
27-->src/main/AndroidManifest.xml:11:7-41
28        android:label="@string/app_name"
28-->src/main/AndroidManifest.xml:10:7-39
29        android:roundIcon="@mipmap/ic_launcher_round"
29-->src/main/AndroidManifest.xml:12:7-52
30        android:theme="@style/AppTheme"
30-->src/main/AndroidManifest.xml:14:7-38
31        android:usesCleartextTraffic="true" >
31-->src/debug/AndroidManifest.xml:7:18-53
32        <meta-data
32-->src/main/AndroidManifest.xml:16:7-18:64
33            android:name="com.google.android.geo.API_KEY"
33-->src/main/AndroidManifest.xml:17:7-52
34            android:value="AIzaSyB_579vZQgFOWgZ_PyZV6kQOXvecElWKrE" />
34-->src/main/AndroidManifest.xml:18:7-62
35
36        <activity
36-->src/main/AndroidManifest.xml:20:7-30:18
37            android:name="com.sampledemo.MainActivity"
37-->src/main/AndroidManifest.xml:21:9-37
38            android:configChanges="keyboard|keyboardHidden|orientation|screenSize|uiMode"
38-->src/main/AndroidManifest.xml:23:9-86
39            android:label="@string/app_name"
39-->src/main/AndroidManifest.xml:22:9-41
40            android:launchMode="singleTask"
40-->src/main/AndroidManifest.xml:24:9-40
41            android:windowSoftInputMode="adjustResize" >
41-->src/main/AndroidManifest.xml:25:9-51
42            <intent-filter>
42-->src/main/AndroidManifest.xml:26:9-29:25
43                <action android:name="android.intent.action.MAIN" />
43-->src/main/AndroidManifest.xml:27:13-65
43-->src/main/AndroidManifest.xml:27:21-62
44
45                <category android:name="android.intent.category.LAUNCHER" />
45-->src/main/AndroidManifest.xml:28:13-73
45-->src/main/AndroidManifest.xml:28:23-70
46            </intent-filter>
47        </activity>
48        <activity android:name="com.facebook.react.devsupport.DevSettingsActivity" /> <!-- Needs to be explicitly declared on P+ -->
48-->src/main/AndroidManifest.xml:31:7-84
48-->src/main/AndroidManifest.xml:31:17-81
49        <uses-library
49-->[com.google.android.gms:play-services-maps:17.0.0] AndroidManifest.xml:33:9-35:40
50            android:name="org.apache.http.legacy"
50-->[com.google.android.gms:play-services-maps:17.0.0] AndroidManifest.xml:34:13-50
51            android:required="false" />
51-->[com.google.android.gms:play-services-maps:17.0.0] AndroidManifest.xml:35:13-37
52
53        <activity
53-->[com.google.android.gms:play-services-base:17.0.0] AndroidManifest.xml:23:9-26:75
54            android:name="com.google.android.gms.common.api.GoogleApiActivity"
54-->[com.google.android.gms:play-services-base:17.0.0] AndroidManifest.xml:24:13-79
55            android:exported="false"
55-->[com.google.android.gms:play-services-base:17.0.0] AndroidManifest.xml:25:13-37
56            android:theme="@android:style/Theme.Translucent.NoTitleBar" />
56-->[com.google.android.gms:play-services-base:17.0.0] AndroidManifest.xml:26:13-72
57
58        <meta-data
58-->[com.google.android.gms:play-services-basement:17.0.0] AndroidManifest.xml:23:9-25:69
59            android:name="com.google.android.gms.version"
59-->[com.google.android.gms:play-services-basement:17.0.0] AndroidManifest.xml:24:13-58
60            android:value="@integer/google_play_services_version" />
60-->[com.google.android.gms:play-services-basement:17.0.0] AndroidManifest.xml:25:13-66
61    </application>
62
63</manifest>